{"C:\\PM\\aluguel-PM\\src\\app.js": {"path":"C:\\PM\\aluguel-PM\\src\\app.js","statementMap":{"0":{"start":{"line":3,"column":16},"end":{"line":3,"column":34}},"1":{"start":{"line":4,"column":0},"end":{"line":4,"column":35}},"2":{"start":{"line":5,"column":0},"end":{"line":5,"column":38}},"3":{"start":{"line":7,"column":14},"end":{"line":16,"column":1}},"4":{"start":{"line":8,"column":16},"end":{"line":8,"column":29}},"5":{"start":{"line":10,"column":4},"end":{"line":10,"column":54}},"6":{"start":{"line":11,"column":4},"end":{"line":11,"column":53}},"7":{"start":{"line":13,"column":4},"end":{"line":13,"column":56}},"8":{"start":{"line":15,"column":4},"end":{"line":15,"column":15}},"9":{"start":{"line":18,"column":0},"end":{"line":20,"column":1}}},"fnMap":{"0":{"name":"(anonymous_0)","decl":{"start":{"line":7,"column":14},"end":{"line":7,"column":15}},"loc":{"start":{"line":7,"column":29},"end":{"line":16,"column":1}},"line":7}},"branchMap":{"0":{"loc":{"start":{"line":7,"column":15},"end":{"line":7,"column":24}},"type":"default-arg","locations":[{"start":{"line":7,"column":22},"end":{"line":7,"column":24}}],"line":7}},"s":{"0":2,"1":2,"2":2,"3":2,"4":13,"5":13,"6":13,"7":13,"8":13,"9":2},"f":{"0":13},"b":{"0":[13]},"_coverageSchema":"1a1c01bbd47fc00a2c39e90264f33305004495a9","hash":"52a72ff82a67bc851f80f12e7990be20f6db946d"}
,"C:\\PM\\aluguel-PM\\src\\data.js": {"path":"C:\\PM\\aluguel-PM\\src\\data.js","statementMap":{"0":{"start":{"line":1,"column":23},"end":{"line":1,"column":38}},"1":{"start":{"line":2,"column":23},"end":{"line":2,"column":38}},"2":{"start":{"line":4,"column":16},"end":{"line":71,"column":1}},"3":{"start":{"line":73,"column":19},"end":{"line":129,"column":1}},"4":{"start":{"line":132,"column":0},"end":{"line":135,"column":1}}},"fnMap":{},"branchMap":{},"s":{"0":2,"1":2,"2":2,"3":2,"4":2},"f":{},"b":{},"_coverageSchema":"1a1c01bbd47fc00a2c39e90264f33305004495a9","hash":"a62ffb0e49b6ce55e184fe77f3c57f17da3c3bd9"}
,"C:\\PM\\aluguel-PM\\src\\controller\\ciclistasController.js": {"path":"C:\\PM\\aluguel-PM\\src\\controller\\ciclistasController.js","statementMap":{"0":{"start":{"line":1,"column":23},"end":{"line":1,"column":38}},"1":{"start":{"line":2,"column":22},"end":{"line":2,"column":43}},"2":{"start":{"line":6,"column":2},"end":{"line":11,"column":3}},"3":{"start":{"line":7,"column":4},"end":{"line":7,"column":45}},"4":{"start":{"line":9,"column":4},"end":{"line":9,"column":25}},"5":{"start":{"line":10,"column":4},"end":{"line":10,"column":54}},"6":{"start":{"line":14,"column":22},"end":{"line":39,"column":1}},"7":{"start":{"line":15,"column":2},"end":{"line":38,"column":3}},"8":{"start":{"line":16,"column":25},"end":{"line":16,"column":37}},"9":{"start":{"line":18,"column":15},"end":{"line":18,"column":23}},"10":{"start":{"line":19,"column":4},"end":{"line":19,"column":25}},"11":{"start":{"line":21,"column":4},"end":{"line":21,"column":31}},"12":{"start":{"line":24,"column":38},"end":{"line":24,"column":72}},"13":{"start":{"line":25,"column":4},"end":{"line":27,"column":5}},"14":{"start":{"line":26,"column":6},"end":{"line":26,"column":100}},"15":{"start":{"line":29,"column":4},"end":{"line":31,"column":5}},"16":{"start":{"line":30,"column":6},"end":{"line":30,"column":120}},"17":{"start":{"line":33,"column":4},"end":{"line":33,"column":33}},"18":{"start":{"line":34,"column":4},"end":{"line":34,"column":48}},"19":{"start":{"line":36,"column":4},"end":{"line":36,"column":24}},"20":{"start":{"line":37,"column":4},"end":{"line":37,"column":45}},"21":{"start":{"line":41,"column":24},"end":{"line":78,"column":1}},"22":{"start":{"line":42,"column":2},"end":{"line":77,"column":3}},"23":{"start":{"line":43,"column":15},"end":{"line":43,"column":32}},"24":{"start":{"line":44,"column":21},"end":{"line":44,"column":53}},"25":{"start":{"line":44,"column":41},"end":{"line":44,"column":52}},"26":{"start":{"line":46,"column":4},"end":{"line":51,"column":5}},"27":{"start":{"line":47,"column":6},"end":{"line":50,"column":9}},"28":{"start":{"line":54,"column":26},"end":{"line":68,"column":5}},"29":{"start":{"line":70,"column":4},"end":{"line":70,"column":36}},"30":{"start":{"line":72,"column":4},"end":{"line":72,"column":24}},"31":{"start":{"line":73,"column":4},"end":{"line":76,"column":6}},"32":{"start":{"line":80,"column":26},"end":{"line":97,"column":1}},"33":{"start":{"line":81,"column":2},"end":{"line":96,"column":3}},"34":{"start":{"line":82,"column":15},"end":{"line":82,"column":32}},"35":{"start":{"line":83,"column":29},"end":{"line":83,"column":41}},"36":{"start":{"line":84,"column":21},"end":{"line":84,"column":53}},"37":{"start":{"line":84,"column":41},"end":{"line":84,"column":52}},"38":{"start":{"line":86,"column":4},"end":{"line":88,"column":5}},"39":{"start":{"line":87,"column":6},"end":{"line":87,"column":62}},"40":{"start":{"line":90,"column":4},"end":{"line":90,"column":81}},"41":{"start":{"line":92,"column":4},"end":{"line":92,"column":81}},"42":{"start":{"line":94,"column":4},"end":{"line":94,"column":24}},"43":{"start":{"line":95,"column":4},"end":{"line":95,"column":46}},"44":{"start":{"line":99,"column":31},"end":{"line":115,"column":1}},"45":{"start":{"line":100,"column":2},"end":{"line":114,"column":3}},"46":{"start":{"line":101,"column":15},"end":{"line":101,"column":32}},"47":{"start":{"line":102,"column":21},"end":{"line":102,"column":53}},"48":{"start":{"line":102,"column":41},"end":{"line":102,"column":52}},"49":{"start":{"line":104,"column":4},"end":{"line":106,"column":5}},"50":{"start":{"line":105,"column":6},"end":{"line":105,"column":63}},"51":{"start":{"line":108,"column":4},"end":{"line":108,"column":26}},"52":{"start":{"line":110,"column":4},"end":{"line":110,"column":80}},"53":{"start":{"line":112,"column":4},"end":{"line":112,"column":25}},"54":{"start":{"line":113,"column":4},"end":{"line":113,"column":46}},"55":{"start":{"line":118,"column":23},"end":{"line":139,"column":1}},"56":{"start":{"line":119,"column":2},"end":{"line":138,"column":3}},"57":{"start":{"line":121,"column":15},"end":{"line":121,"column":32}},"58":{"start":{"line":122,"column":21},"end":{"line":122,"column":64}},"59":{"start":{"line":122,"column":41},"end":{"line":122,"column":63}},"60":{"start":{"line":124,"column":4},"end":{"line":129,"column":5}},"61":{"start":{"line":125,"column":6},"end":{"line":128,"column":9}},"62":{"start":{"line":131,"column":26},"end":{"line":131,"column":42}},"63":{"start":{"line":133,"column":4},"end":{"line":133,"column":49}},"64":{"start":{"line":136,"column":4},"end":{"line":136,"column":25}},"65":{"start":{"line":137,"column":4},"end":{"line":137,"column":69}},"66":{"start":{"line":142,"column":23},"end":{"line":173,"column":1}},"67":{"start":{"line":143,"column":2},"end":{"line":149,"column":3}},"68":{"start":{"line":144,"column":4},"end":{"line":148,"column":7}},"69":{"start":{"line":151,"column":17},"end":{"line":151,"column":49}},"70":{"start":{"line":152,"column":2},"end":{"line":158,"column":3}},"71":{"start":{"line":153,"column":4},"end":{"line":157,"column":5}},"72":{"start":{"line":160,"column":21},"end":{"line":160,"column":61}},"73":{"start":{"line":160,"column":43},"end":{"line":160,"column":60}},"74":{"start":{"line":161,"column":2},"end":{"line":172,"column":3}},"75":{"start":{"line":162,"column":4},"end":{"line":166,"column":6}},"76":{"start":{"line":168,"column":6},"end":{"line":171,"column":8}},"77":{"start":{"line":175,"column":28},"end":{"line":188,"column":1}},"78":{"start":{"line":176,"column":2},"end":{"line":187,"column":5}},"79":{"start":{"line":177,"column":25},"end":{"line":177,"column":106}},"80":{"start":{"line":179,"column":20},"end":{"line":181,"column":23}},"81":{"start":{"line":180,"column":10},"end":{"line":180,"column":25}},"82":{"start":{"line":183,"column":21},"end":{"line":183,"column":43}},"83":{"start":{"line":185,"column":6},"end":{"line":185,"column":26}},"84":{"start":{"line":186,"column":6},"end":{"line":186,"column":22}},"85":{"start":{"line":190,"column":25},"end":{"line":206,"column":1}},"86":{"start":{"line":191,"column":2},"end":{"line":205,"column":3}},"87":{"start":{"line":192,"column":15},"end":{"line":192,"column":32}},"88":{"start":{"line":193,"column":21},"end":{"line":193,"column":53}},"89":{"start":{"line":193,"column":41},"end":{"line":193,"column":52}},"90":{"start":{"line":195,"column":4},"end":{"line":197,"column":5}},"91":{"start":{"line":196,"column":6},"end":{"line":196,"column":63}},"92":{"start":{"line":199,"column":26},"end":{"line":199,"column":50}},"93":{"start":{"line":201,"column":4},"end":{"line":201,"column":49}},"94":{"start":{"line":203,"column":4},"end":{"line":203,"column":25}},"95":{"start":{"line":204,"column":4},"end":{"line":204,"column":46}},"96":{"start":{"line":208,"column":31},"end":{"line":225,"column":1}},"97":{"start":{"line":209,"column":2},"end":{"line":224,"column":3}},"98":{"start":{"line":210,"column":15},"end":{"line":210,"column":32}},"99":{"start":{"line":211,"column":29},"end":{"line":211,"column":41}},"100":{"start":{"line":212,"column":21},"end":{"line":212,"column":53}},"101":{"start":{"line":212,"column":41},"end":{"line":212,"column":52}},"102":{"start":{"line":214,"column":4},"end":{"line":216,"column":5}},"103":{"start":{"line":215,"column":6},"end":{"line":215,"column":63}},"104":{"start":{"line":218,"column":4},"end":{"line":218,"column":84}},"105":{"start":{"line":220,"column":4},"end":{"line":220,"column":76}},"106":{"start":{"line":222,"column":4},"end":{"line":222,"column":25}},"107":{"start":{"line":223,"column":4},"end":{"line":223,"column":46}},"108":{"start":{"line":231,"column":0},"end":{"line":240,"column":1}}},"fnMap":{"0":{"name":"getCiclistas","decl":{"start":{"line":5,"column":15},"end":{"line":5,"column":27}},"loc":{"start":{"line":5,"column":44},"end":{"line":12,"column":1}},"line":5},"1":{"name":"(anonymous_1)","decl":{"start":{"line":14,"column":22},"end":{"line":14,"column":23}},"loc":{"start":{"line":14,"column":48},"end":{"line":39,"column":1}},"line":14},"2":{"name":"(anonymous_2)","decl":{"start":{"line":41,"column":24},"end":{"line":41,"column":25}},"loc":{"start":{"line":41,"column":50},"end":{"line":78,"column":1}},"line":41},"3":{"name":"(anonymous_3)","decl":{"start":{"line":44,"column":36},"end":{"line":44,"column":37}},"loc":{"start":{"line":44,"column":41},"end":{"line":44,"column":52}},"line":44},"4":{"name":"(anonymous_4)","decl":{"start":{"line":80,"column":26},"end":{"line":80,"column":27}},"loc":{"start":{"line":80,"column":52},"end":{"line":97,"column":1}},"line":80},"5":{"name":"(anonymous_5)","decl":{"start":{"line":84,"column":36},"end":{"line":84,"column":37}},"loc":{"start":{"line":84,"column":41},"end":{"line":84,"column":52}},"line":84},"6":{"name":"(anonymous_6)","decl":{"start":{"line":99,"column":31},"end":{"line":99,"column":32}},"loc":{"start":{"line":99,"column":57},"end":{"line":115,"column":1}},"line":99},"7":{"name":"(anonymous_7)","decl":{"start":{"line":102,"column":36},"end":{"line":102,"column":37}},"loc":{"start":{"line":102,"column":41},"end":{"line":102,"column":52}},"line":102},"8":{"name":"(anonymous_8)","decl":{"start":{"line":118,"column":23},"end":{"line":118,"column":24}},"loc":{"start":{"line":118,"column":49},"end":{"line":139,"column":1}},"line":118},"9":{"name":"(anonymous_9)","decl":{"start":{"line":122,"column":36},"end":{"line":122,"column":37}},"loc":{"start":{"line":122,"column":41},"end":{"line":122,"column":63}},"line":122},"10":{"name":"(anonymous_10)","decl":{"start":{"line":142,"column":23},"end":{"line":142,"column":24}},"loc":{"start":{"line":142,"column":40},"end":{"line":173,"column":1}},"line":142},"11":{"name":"(anonymous_11)","decl":{"start":{"line":160,"column":36},"end":{"line":160,"column":37}},"loc":{"start":{"line":160,"column":43},"end":{"line":160,"column":60}},"line":160},"12":{"name":"(anonymous_12)","decl":{"start":{"line":175,"column":28},"end":{"line":175,"column":29}},"loc":{"start":{"line":175,"column":45},"end":{"line":188,"column":1}},"line":175},"13":{"name":"(anonymous_13)","decl":{"start":{"line":176,"column":21},"end":{"line":176,"column":22}},"loc":{"start":{"line":176,"column":42},"end":{"line":187,"column":3}},"line":176},"14":{"name":"(anonymous_14)","decl":{"start":{"line":179,"column":31},"end":{"line":179,"column":32}},"loc":{"start":{"line":179,"column":37},"end":{"line":181,"column":7}},"line":179},"15":{"name":"(anonymous_15)","decl":{"start":{"line":190,"column":25},"end":{"line":190,"column":26}},"loc":{"start":{"line":190,"column":51},"end":{"line":206,"column":1}},"line":190},"16":{"name":"(anonymous_16)","decl":{"start":{"line":193,"column":36},"end":{"line":193,"column":37}},"loc":{"start":{"line":193,"column":41},"end":{"line":193,"column":52}},"line":193},"17":{"name":"(anonymous_17)","decl":{"start":{"line":208,"column":31},"end":{"line":208,"column":32}},"loc":{"start":{"line":208,"column":57},"end":{"line":225,"column":1}},"line":208},"18":{"name":"(anonymous_18)","decl":{"start":{"line":212,"column":36},"end":{"line":212,"column":37}},"loc":{"start":{"line":212,"column":41},"end":{"line":212,"column":52}},"line":212},"19":{"name":"validarEmail","decl":{"start":{"line":227,"column":9},"end":{"line":227,"column":21}},"loc":{"start":{"line":227,"column":29},"end":{"line":229,"column":1}},"line":227}},"branchMap":{"0":{"loc":{"start":{"line":25,"column":4},"end":{"line":27,"column":5}},"type":"if","locations":[{"start":{"line":25,"column":4},"end":{"line":27,"column":5}},{"start":{},"end":{}}],"line":25},"1":{"loc":{"start":{"line":29,"column":4},"end":{"line":31,"column":5}},"type":"if","locations":[{"start":{"line":29,"column":4},"end":{"line":31,"column":5}},{"start":{},"end":{}}],"line":29},"2":{"loc":{"start":{"line":29,"column":8},"end":{"line":29,"column":103}},"type":"binary-expr","locations":[{"start":{"line":29,"column":8},"end":{"line":29,"column":27}},{"start":{"line":29,"column":31},"end":{"line":29,"column":58}},{"start":{"line":29,"column":62},"end":{"line":29,"column":80}},{"start":{"line":29,"column":84},"end":{"line":29,"column":103}}],"line":29},"3":{"loc":{"start":{"line":46,"column":4},"end":{"line":51,"column":5}},"type":"if","locations":[{"start":{"line":46,"column":4},"end":{"line":51,"column":5}},{"start":{},"end":{}}],"line":46},"4":{"loc":{"start":{"line":56,"column":14},"end":{"line":56,"column":50}},"type":"cond-expr","locations":[{"start":{"line":56,"column":31},"end":{"line":56,"column":38}},{"start":{"line":56,"column":41},"end":{"line":56,"column":50}}],"line":56},"5":{"loc":{"start":{"line":86,"column":4},"end":{"line":88,"column":5}},"type":"if","locations":[{"start":{"line":86,"column":4},"end":{"line":88,"column":5}},{"start":{},"end":{}}],"line":86},"6":{"loc":{"start":{"line":104,"column":4},"end":{"line":106,"column":5}},"type":"if","locations":[{"start":{"line":104,"column":4},"end":{"line":106,"column":5}},{"start":{},"end":{}}],"line":104},"7":{"loc":{"start":{"line":122,"column":41},"end":{"line":122,"column":63}},"type":"binary-expr","locations":[{"start":{"line":122,"column":41},"end":{"line":122,"column":52}},{"start":{"line":122,"column":56},"end":{"line":122,"column":63}}],"line":122},"8":{"loc":{"start":{"line":124,"column":4},"end":{"line":129,"column":5}},"type":"if","locations":[{"start":{"line":124,"column":4},"end":{"line":129,"column":5}},{"start":{},"end":{}}],"line":124},"9":{"loc":{"start":{"line":143,"column":2},"end":{"line":149,"column":3}},"type":"if","locations":[{"start":{"line":143,"column":2},"end":{"line":149,"column":3}},{"start":{},"end":{}}],"line":143},"10":{"loc":{"start":{"line":152,"column":2},"end":{"line":158,"column":3}},"type":"if","locations":[{"start":{"line":152,"column":2},"end":{"line":158,"column":3}},{"start":{},"end":{}}],"line":152},"11":{"loc":{"start":{"line":161,"column":2},"end":{"line":172,"column":3}},"type":"if","locations":[{"start":{"line":161,"column":2},"end":{"line":172,"column":3}},{"start":{"line":167,"column":9},"end":{"line":172,"column":3}}],"line":161},"12":{"loc":{"start":{"line":195,"column":4},"end":{"line":197,"column":5}},"type":"if","locations":[{"start":{"line":195,"column":4},"end":{"line":197,"column":5}},{"start":{},"end":{}}],"line":195},"13":{"loc":{"start":{"line":214,"column":4},"end":{"line":216,"column":5}},"type":"if","locations":[{"start":{"line":214,"column":4},"end":{"line":216,"column":5}},{"start":{},"end":{}}],"line":214}},"s":{"0":2,"1":2,"2":0,"3":0,"4":0,"5":0,"6":2,"7":0,"8":0,"9":0,"10":0,"11":0,"12":0,"13":0,"14":0,"15":0,"16":0,"17":0,"18":0,"19":0,"20":0,"21":2,"22":0,"23":0,"24":0,"25":0,"26":0,"27":0,"28":0,"29":0,"30":0,"31":0,"32":2,"33":0,"34":0,"35":0,"36":0,"37":0,"38":0,"39":0,"40":0,"41":0,"42":0,"43":0,"44":2,"45":0,"46":0,"47":0,"48":0,"49":0,"50":0,"51":0,"52":0,"53":0,"54":0,"55":2,"56":0,"57":0,"58":0,"59":0,"60":0,"61":0,"62":0,"63":0,"64":0,"65":0,"66":2,"67":0,"68":0,"69":0,"70":0,"71":0,"72":0,"73":0,"74":0,"75":0,"76":0,"77":2,"78":0,"79":0,"80":0,"81":0,"82":0,"83":0,"84":0,"85":2,"86":0,"87":0,"88":0,"89":0,"90":0,"91":0,"92":0,"93":0,"94":0,"95":0,"96":2,"97":0,"98":0,"99":0,"100":0,"101":0,"102":0,"103":0,"104":0,"105":0,"106":0,"107":0,"108":2},"f":{"0":0,"1":0,"2":0,"3":0,"4":0,"5":0,"6":0,"7":0,"8":0,"9":0,"10":0,"11":0,"12":0,"13":0,"14":0,"15":0,"16":0,"17":0,"18":0,"19":0},"b":{"0":[0,0],"1":[0,0],"2":[0,0,0,0],"3":[0,0],"4":[0,0],"5":[0,0],"6":[0,0],"7":[0,0],"8":[0,0],"9":[0,0],"10":[0,0],"11":[0,0],"12":[0,0],"13":[0,0]},"_coverageSchema":"1a1c01bbd47fc00a2c39e90264f33305004495a9","hash":"b9958a2ed4f74d182a5434c7c08b487feabf0fba"}
,"C:\\PM\\aluguel-PM\\src\\controller\\funcionariosController.js": {"path":"C:\\PM\\aluguel-PM\\src\\controller\\funcionariosController.js","statementMap":{"0":{"start":{"line":1,"column":23},"end":{"line":1,"column":38}},"1":{"start":{"line":2,"column":23},"end":{"line":2,"column":38}},"2":{"start":{"line":3,"column":25},"end":{"line":3,"column":46}},"3":{"start":{"line":6,"column":24},"end":{"line":13,"column":1}},"4":{"start":{"line":7,"column":4},"end":{"line":12,"column":5}},"5":{"start":{"line":8,"column":6},"end":{"line":8,"column":49}},"6":{"start":{"line":10,"column":6},"end":{"line":10,"column":26}},"7":{"start":{"line":11,"column":6},"end":{"line":11,"column":58}},"8":{"start":{"line":15,"column":25},"end":{"line":51,"column":3}},"9":{"start":{"line":16,"column":4},"end":{"line":50,"column":5}},"10":{"start":{"line":17,"column":30},"end":{"line":17,"column":42}},"11":{"start":{"line":20,"column":6},"end":{"line":20,"column":36}},"12":{"start":{"line":21,"column":6},"end":{"line":21,"column":43}},"13":{"start":{"line":24,"column":40},"end":{"line":24,"column":83}},"14":{"start":{"line":25,"column":6},"end":{"line":27,"column":7}},"15":{"start":{"line":26,"column":8},"end":{"line":26,"column":102}},"16":{"start":{"line":30,"column":33},"end":{"line":30,"column":79}},"17":{"start":{"line":31,"column":53},"end":{"line":31,"column":123}},"18":{"start":{"line":32,"column":6},"end":{"line":34,"column":7}},"19":{"start":{"line":33,"column":8},"end":{"line":33,"column":128}},"20":{"start":{"line":37,"column":40},"end":{"line":37,"column":88}},"21":{"start":{"line":38,"column":6},"end":{"line":40,"column":7}},"22":{"start":{"line":39,"column":8},"end":{"line":39,"column":102}},"23":{"start":{"line":42,"column":6},"end":{"line":42,"column":40}},"24":{"start":{"line":43,"column":6},"end":{"line":43,"column":55}},"25":{"start":{"line":44,"column":6},"end":{"line":44,"column":49}},"26":{"start":{"line":46,"column":6},"end":{"line":46,"column":40}},"27":{"start":{"line":48,"column":6},"end":{"line":48,"column":26}},"28":{"start":{"line":49,"column":6},"end":{"line":49,"column":57}},"29":{"start":{"line":53,"column":27},"end":{"line":78,"column":1}},"30":{"start":{"line":54,"column":4},"end":{"line":77,"column":5}},"31":{"start":{"line":55,"column":19},"end":{"line":55,"column":36}},"32":{"start":{"line":56,"column":28},"end":{"line":56,"column":63}},"33":{"start":{"line":56,"column":51},"end":{"line":56,"column":62}},"34":{"start":{"line":58,"column":33},"end":{"line":67,"column":9}},"35":{"start":{"line":69,"column":8},"end":{"line":71,"column":9}},"36":{"start":{"line":70,"column":8},"end":{"line":70,"column":67}},"37":{"start":{"line":73,"column":8},"end":{"line":73,"column":43}},"38":{"start":{"line":75,"column":8},"end":{"line":75,"column":28}},"39":{"start":{"line":76,"column":8},"end":{"line":76,"column":59}},"40":{"start":{"line":80,"column":29},"end":{"line":112,"column":3}},"41":{"start":{"line":81,"column":4},"end":{"line":111,"column":5}},"42":{"start":{"line":82,"column":17},"end":{"line":82,"column":34}},"43":{"start":{"line":84,"column":31},"end":{"line":84,"column":43}},"44":{"start":{"line":85,"column":26},"end":{"line":85,"column":61}},"45":{"start":{"line":85,"column":49},"end":{"line":85,"column":60}},"46":{"start":{"line":87,"column":6},"end":{"line":89,"column":7}},"47":{"start":{"line":88,"column":8},"end":{"line":88,"column":67}},"48":{"start":{"line":92,"column":40},"end":{"line":92,"column":84}},"49":{"start":{"line":93,"column":6},"end":{"line":95,"column":7}},"50":{"start":{"line":94,"column":8},"end":{"line":94,"column":102}},"51":{"start":{"line":98,"column":40},"end":{"line":98,"column":89}},"52":{"start":{"line":99,"column":6},"end":{"line":101,"column":7}},"53":{"start":{"line":100,"column":8},"end":{"line":100,"column":102}},"54":{"start":{"line":103,"column":36},"end":{"line":103,"column":75}},"55":{"start":{"line":104,"column":6},"end":{"line":104,"column":95}},"56":{"start":{"line":107,"column":6},"end":{"line":107,"column":56}},"57":{"start":{"line":109,"column":6},"end":{"line":109,"column":26}},"58":{"start":{"line":110,"column":6},"end":{"line":110,"column":57}},"59":{"start":{"line":114,"column":27},"end":{"line":134,"column":1}},"60":{"start":{"line":115,"column":4},"end":{"line":133,"column":3}},"61":{"start":{"line":116,"column":15},"end":{"line":116,"column":32}},"62":{"start":{"line":117,"column":4},"end":{"line":117,"column":41}},"63":{"start":{"line":118,"column":24},"end":{"line":118,"column":59}},"64":{"start":{"line":118,"column":47},"end":{"line":118,"column":58}},"65":{"start":{"line":119,"column":4},"end":{"line":119,"column":59}},"66":{"start":{"line":121,"column":4},"end":{"line":123,"column":5}},"67":{"start":{"line":122,"column":4},"end":{"line":122,"column":63}},"68":{"start":{"line":126,"column":4},"end":{"line":126,"column":60}},"69":{"start":{"line":128,"column":4},"end":{"line":128,"column":57}},"70":{"start":{"line":131,"column":8},"end":{"line":131,"column":28}},"71":{"start":{"line":132,"column":8},"end":{"line":132,"column":59}},"72":{"start":{"line":138,"column":23},"end":{"line":166,"column":1}},"73":{"start":{"line":139,"column":2},"end":{"line":145,"column":3}},"74":{"start":{"line":140,"column":4},"end":{"line":144,"column":7}},"75":{"start":{"line":147,"column":22},"end":{"line":147,"column":48}},"76":{"start":{"line":148,"column":2},"end":{"line":154,"column":3}},"77":{"start":{"line":149,"column":4},"end":{"line":153,"column":6}},"78":{"start":{"line":156,"column":21},"end":{"line":156,"column":64}},"79":{"start":{"line":156,"column":46},"end":{"line":156,"column":63}},"80":{"start":{"line":157,"column":2},"end":{"line":165,"column":3}},"81":{"start":{"line":158,"column":4},"end":{"line":162,"column":6}},"82":{"start":{"line":164,"column":6},"end":{"line":164,"column":29}},"83":{"start":{"line":168,"column":28},"end":{"line":171,"column":1}},"84":{"start":{"line":169,"column":21},"end":{"line":169,"column":37}},"85":{"start":{"line":170,"column":2},"end":{"line":170,"column":32}},"86":{"start":{"line":175,"column":36},"end":{"line":186,"column":1}},"87":{"start":{"line":176,"column":2},"end":{"line":184,"column":3}},"88":{"start":{"line":177,"column":4},"end":{"line":183,"column":5}},"89":{"start":{"line":178,"column":6},"end":{"line":182,"column":8}},"90":{"start":{"line":185,"column":2},"end":{"line":185,"column":25}},"91":{"start":{"line":190,"column":34},"end":{"line":201,"column":1}},"92":{"start":{"line":191,"column":38},"end":{"line":191,"column":53}},"93":{"start":{"line":193,"column":2},"end":{"line":199,"column":3}},"94":{"start":{"line":194,"column":4},"end":{"line":198,"column":6}},"95":{"start":{"line":200,"column":2},"end":{"line":200,"column":27}},"96":{"start":{"line":204,"column":0},"end":{"line":210,"column":3}}},"fnMap":{"0":{"name":"(anonymous_0)","decl":{"start":{"line":6,"column":24},"end":{"line":6,"column":25}},"loc":{"start":{"line":6,"column":50},"end":{"line":13,"column":1}},"line":6},"1":{"name":"(anonymous_1)","decl":{"start":{"line":15,"column":25},"end":{"line":15,"column":26}},"loc":{"start":{"line":15,"column":51},"end":{"line":51,"column":3}},"line":15},"2":{"name":"(anonymous_2)","decl":{"start":{"line":53,"column":27},"end":{"line":53,"column":28}},"loc":{"start":{"line":53,"column":53},"end":{"line":78,"column":1}},"line":53},"3":{"name":"(anonymous_3)","decl":{"start":{"line":56,"column":46},"end":{"line":56,"column":47}},"loc":{"start":{"line":56,"column":51},"end":{"line":56,"column":62}},"line":56},"4":{"name":"(anonymous_4)","decl":{"start":{"line":80,"column":29},"end":{"line":80,"column":30}},"loc":{"start":{"line":80,"column":55},"end":{"line":112,"column":3}},"line":80},"5":{"name":"(anonymous_5)","decl":{"start":{"line":85,"column":44},"end":{"line":85,"column":45}},"loc":{"start":{"line":85,"column":49},"end":{"line":85,"column":60}},"line":85},"6":{"name":"(anonymous_6)","decl":{"start":{"line":114,"column":27},"end":{"line":114,"column":28}},"loc":{"start":{"line":114,"column":52},"end":{"line":134,"column":1}},"line":114},"7":{"name":"(anonymous_7)","decl":{"start":{"line":118,"column":42},"end":{"line":118,"column":43}},"loc":{"start":{"line":118,"column":47},"end":{"line":118,"column":58}},"line":118},"8":{"name":"(anonymous_8)","decl":{"start":{"line":138,"column":23},"end":{"line":138,"column":24}},"loc":{"start":{"line":138,"column":40},"end":{"line":166,"column":1}},"line":138},"9":{"name":"(anonymous_9)","decl":{"start":{"line":156,"column":39},"end":{"line":156,"column":40}},"loc":{"start":{"line":156,"column":46},"end":{"line":156,"column":63}},"line":156},"10":{"name":"(anonymous_10)","decl":{"start":{"line":168,"column":28},"end":{"line":168,"column":29}},"loc":{"start":{"line":168,"column":39},"end":{"line":171,"column":1}},"line":168},"11":{"name":"(anonymous_11)","decl":{"start":{"line":175,"column":36},"end":{"line":175,"column":37}},"loc":{"start":{"line":175,"column":56},"end":{"line":186,"column":1}},"line":175},"12":{"name":"(anonymous_12)","decl":{"start":{"line":190,"column":34},"end":{"line":190,"column":35}},"loc":{"start":{"line":190,"column":55},"end":{"line":201,"column":1}},"line":190}},"branchMap":{"0":{"loc":{"start":{"line":25,"column":6},"end":{"line":27,"column":7}},"type":"if","locations":[{"start":{"line":25,"column":6},"end":{"line":27,"column":7}},{"start":{},"end":{}}],"line":25},"1":{"loc":{"start":{"line":32,"column":6},"end":{"line":34,"column":7}},"type":"if","locations":[{"start":{"line":32,"column":6},"end":{"line":34,"column":7}},{"start":{},"end":{}}],"line":32},"2":{"loc":{"start":{"line":38,"column":6},"end":{"line":40,"column":7}},"type":"if","locations":[{"start":{"line":38,"column":6},"end":{"line":40,"column":7}},{"start":{},"end":{}}],"line":38},"3":{"loc":{"start":{"line":69,"column":8},"end":{"line":71,"column":9}},"type":"if","locations":[{"start":{"line":69,"column":8},"end":{"line":71,"column":9}},{"start":{},"end":{}}],"line":69},"4":{"loc":{"start":{"line":87,"column":6},"end":{"line":89,"column":7}},"type":"if","locations":[{"start":{"line":87,"column":6},"end":{"line":89,"column":7}},{"start":{},"end":{}}],"line":87},"5":{"loc":{"start":{"line":93,"column":6},"end":{"line":95,"column":7}},"type":"if","locations":[{"start":{"line":93,"column":6},"end":{"line":95,"column":7}},{"start":{},"end":{}}],"line":93},"6":{"loc":{"start":{"line":99,"column":6},"end":{"line":101,"column":7}},"type":"if","locations":[{"start":{"line":99,"column":6},"end":{"line":101,"column":7}},{"start":{},"end":{}}],"line":99},"7":{"loc":{"start":{"line":121,"column":4},"end":{"line":123,"column":5}},"type":"if","locations":[{"start":{"line":121,"column":4},"end":{"line":123,"column":5}},{"start":{},"end":{}}],"line":121},"8":{"loc":{"start":{"line":139,"column":2},"end":{"line":145,"column":3}},"type":"if","locations":[{"start":{"line":139,"column":2},"end":{"line":145,"column":3}},{"start":{},"end":{}}],"line":139},"9":{"loc":{"start":{"line":148,"column":2},"end":{"line":154,"column":3}},"type":"if","locations":[{"start":{"line":148,"column":2},"end":{"line":154,"column":3}},{"start":{},"end":{}}],"line":148},"10":{"loc":{"start":{"line":157,"column":2},"end":{"line":165,"column":3}},"type":"if","locations":[{"start":{"line":157,"column":2},"end":{"line":165,"column":3}},{"start":{"line":163,"column":9},"end":{"line":165,"column":3}}],"line":157},"11":{"loc":{"start":{"line":177,"column":4},"end":{"line":183,"column":5}},"type":"if","locations":[{"start":{"line":177,"column":4},"end":{"line":183,"column":5}},{"start":{},"end":{}}],"line":177},"12":{"loc":{"start":{"line":193,"column":2},"end":{"line":199,"column":3}},"type":"if","locations":[{"start":{"line":193,"column":2},"end":{"line":199,"column":3}},{"start":{},"end":{}}],"line":193}},"s":{"0":2,"1":2,"2":2,"3":2,"4":1,"5":1,"6":0,"7":0,"8":2,"9":9,"10":9,"11":9,"12":9,"13":9,"14":9,"15":8,"16":1,"17":1,"18":1,"19":0,"20":1,"21":1,"22":0,"23":1,"24":1,"25":1,"26":1,"27":0,"28":0,"29":2,"30":2,"31":2,"32":2,"33":12,"34":2,"35":0,"36":0,"37":0,"38":2,"39":2,"40":2,"41":0,"42":0,"43":0,"44":0,"45":0,"46":0,"47":0,"48":0,"49":0,"50":0,"51":0,"52":0,"53":0,"54":0,"55":0,"56":0,"57":0,"58":0,"59":2,"60":0,"61":0,"62":0,"63":0,"64":0,"65":0,"66":0,"67":0,"68":0,"69":0,"70":0,"71":0,"72":2,"73":9,"74":2,"75":7,"76":7,"77":2,"78":5,"79":9,"80":5,"81":4,"82":1,"83":2,"84":7,"85":7,"86":2,"87":1,"88":4,"89":0,"90":1,"91":2,"92":1,"93":1,"94":0,"95":1,"96":2},"f":{"0":1,"1":9,"2":2,"3":12,"4":0,"5":0,"6":0,"7":0,"8":9,"9":9,"10":7,"11":1,"12":1},"b":{"0":[8,1],"1":[0,1],"2":[0,1],"3":[0,0],"4":[0,0],"5":[0,0],"6":[0,0],"7":[0,0],"8":[2,7],"9":[2,5],"10":[4,1],"11":[0,4],"12":[0,1]},"_coverageSchema":"1a1c01bbd47fc00a2c39e90264f33305004495a9","hash":"16c9c3c20b2914dab29c91fbcf5b3a4b02f7c6a0"}
,"C:\\PM\\aluguel-PM\\src\\routes\\ciclistasRoute.js": {"path":"C:\\PM\\aluguel-PM\\src\\routes\\ciclistasRoute.js","statementMap":{"0":{"start":{"line":3,"column":28},"end":{"line":3,"column":72}},"1":{"start":{"line":5,"column":23},"end":{"line":16,"column":1}},"2":{"start":{"line":7,"column":4},"end":{"line":7,"column":64}},"3":{"start":{"line":8,"column":4},"end":{"line":8,"column":66}},"4":{"start":{"line":9,"column":4},"end":{"line":9,"column":71}},"5":{"start":{"line":10,"column":4},"end":{"line":10,"column":73}},"6":{"start":{"line":11,"column":4},"end":{"line":11,"column":86}},"7":{"start":{"line":12,"column":4},"end":{"line":12,"column":86}},"8":{"start":{"line":13,"column":4},"end":{"line":13,"column":87}},"9":{"start":{"line":14,"column":4},"end":{"line":14,"column":95}},"10":{"start":{"line":18,"column":0},"end":{"line":18,"column":32}}},"fnMap":{"0":{"name":"(anonymous_0)","decl":{"start":{"line":5,"column":23},"end":{"line":5,"column":24}},"loc":{"start":{"line":5,"column":42},"end":{"line":16,"column":1}},"line":5}},"branchMap":{},"s":{"0":2,"1":2,"2":13,"3":13,"4":13,"5":13,"6":13,"7":13,"8":13,"9":13,"10":2},"f":{"0":13},"b":{},"_coverageSchema":"1a1c01bbd47fc00a2c39e90264f33305004495a9","hash":"41f6200e7aa85807f2323f6eb685b69cba64d982"}
,"C:\\PM\\aluguel-PM\\src\\routes\\funcionariosRoute.js": {"path":"C:\\PM\\aluguel-PM\\src\\routes\\funcionariosRoute.js","statementMap":{"0":{"start":{"line":3,"column":31},"end":{"line":3,"column":78}},"1":{"start":{"line":5,"column":26},"end":{"line":13,"column":1}},"2":{"start":{"line":7,"column":4},"end":{"line":7,"column":73}},"3":{"start":{"line":8,"column":4},"end":{"line":8,"column":75}},"4":{"start":{"line":9,"column":4},"end":{"line":9,"column":80}},"5":{"start":{"line":10,"column":4},"end":{"line":10,"column":82}},"6":{"start":{"line":11,"column":4},"end":{"line":11,"column":82}},"7":{"start":{"line":15,"column":0},"end":{"line":15,"column":35}}},"fnMap":{"0":{"name":"(anonymous_0)","decl":{"start":{"line":5,"column":26},"end":{"line":5,"column":27}},"loc":{"start":{"line":5,"column":45},"end":{"line":13,"column":1}},"line":5}},"branchMap":{},"s":{"0":2,"1":2,"2":13,"3":13,"4":13,"5":13,"6":13,"7":2},"f":{"0":13},"b":{},"_coverageSchema":"1a1c01bbd47fc00a2c39e90264f33305004495a9","hash":"d673d09568ebcd57a7073f21ec9137e7da76fdc9"}
,"C:\\PM\\aluguel-PM\\src\\routes\\helloWorldRoute.js": {"path":"C:\\PM\\aluguel-PM\\src\\routes\\helloWorldRoute.js","statementMap":{"0":{"start":{"line":4,"column":15},"end":{"line":8,"column":1}},"1":{"start":{"line":5,"column":4},"end":{"line":7,"column":6}},"2":{"start":{"line":6,"column":8},"end":{"line":6,"column":34}},"3":{"start":{"line":10,"column":0},"end":{"line":10,"column":24}}},"fnMap":{"0":{"name":"(anonymous_0)","decl":{"start":{"line":4,"column":15},"end":{"line":4,"column":16}},"loc":{"start":{"line":4,"column":34},"end":{"line":8,"column":1}},"line":4},"1":{"name":"(anonymous_1)","decl":{"start":{"line":5,"column":31},"end":{"line":5,"column":32}},"loc":{"start":{"line":5,"column":51},"end":{"line":7,"column":5}},"line":5}},"branchMap":{},"s":{"0":2,"1":13,"2":1,"3":2},"f":{"0":13,"1":1},"b":{},"_coverageSchema":"1a1c01bbd47fc00a2c39e90264f33305004495a9","hash":"11b67511f22b68b8e92eb5ca1441b036cf28c1e5"}
}
