TN:
SF:src\app.js
FN:7,(anonymous_0)
FNF:1
FNH:1
FNDA:13,(anonymous_0)
DA:3,2
DA:4,2
DA:5,2
DA:7,2
DA:8,13
DA:10,13
DA:11,13
DA:13,13
DA:15,13
DA:18,2
LF:10
LH:10
BRDA:7,0,0,13
BRF:1
BRH:1
end_of_record
TN:
SF:src\data.js
FNF:0
FNH:0
DA:1,2
DA:2,2
DA:4,2
DA:73,2
DA:132,2
LF:5
LH:5
BRF:0
BRH:0
end_of_record
TN:
SF:src\controller\ciclistasController.js
FN:5,getCiclistas
FN:14,(anonymous_1)
FN:41,(anonymous_2)
FN:44,(anonymous_3)
FN:80,(anonymous_4)
FN:84,(anonymous_5)
FN:99,(anonymous_6)
FN:102,(anonymous_7)
FN:118,(anonymous_8)
FN:122,(anonymous_9)
FN:142,(anonymous_10)
FN:160,(anonymous_11)
FN:175,(anonymous_12)
FN:176,(anonymous_13)
FN:179,(anonymous_14)
FN:190,(anonymous_15)
FN:193,(anonymous_16)
FN:208,(anonymous_17)
FN:212,(anonymous_18)
FN:227,validarEmail
FNF:20
FNH:0
FNDA:0,getCiclistas
FNDA:0,(anonymous_1)
FNDA:0,(anonymous_2)
FNDA:0,(anonymous_3)
FNDA:0,(anonymous_4)
FNDA:0,(anonymous_5)
FNDA:0,(anonymous_6)
FNDA:0,(anonymous_7)
FNDA:0,(anonymous_8)
FNDA:0,(anonymous_9)
FNDA:0,(anonymous_10)
FNDA:0,(anonymous_11)
FNDA:0,(anonymous_12)
FNDA:0,(anonymous_13)
FNDA:0,(anonymous_14)
FNDA:0,(anonymous_15)
FNDA:0,(anonymous_16)
FNDA:0,(anonymous_17)
FNDA:0,(anonymous_18)
FNDA:0,validarEmail
DA:1,2
DA:2,2
DA:6,0
DA:7,0
DA:9,0
DA:10,0
DA:14,2
DA:15,0
DA:16,0
DA:18,0
DA:19,0
DA:21,0
DA:24,0
DA:25,0
DA:26,0
DA:29,0
DA:30,0
DA:33,0
DA:34,0
DA:36,0
DA:37,0
DA:41,2
DA:42,0
DA:43,0
DA:44,0
DA:46,0
DA:47,0
DA:54,0
DA:70,0
DA:72,0
DA:73,0
DA:80,2
DA:81,0
DA:82,0
DA:83,0
DA:84,0
DA:86,0
DA:87,0
DA:90,0
DA:92,0
DA:94,0
DA:95,0
DA:99,2
DA:100,0
DA:101,0
DA:102,0
DA:104,0
DA:105,0
DA:108,0
DA:110,0
DA:112,0
DA:113,0
DA:118,2
DA:119,0
DA:121,0
DA:122,0
DA:124,0
DA:125,0
DA:131,0
DA:133,0
DA:136,0
DA:137,0
DA:142,2
DA:143,0
DA:144,0
DA:151,0
DA:152,0
DA:153,0
DA:160,0
DA:161,0
DA:162,0
DA:168,0
DA:175,2
DA:176,0
DA:177,0
DA:179,0
DA:180,0
DA:183,0
DA:185,0
DA:186,0
DA:190,2
DA:191,0
DA:192,0
DA:193,0
DA:195,0
DA:196,0
DA:199,0
DA:201,0
DA:203,0
DA:204,0
DA:208,2
DA:209,0
DA:210,0
DA:211,0
DA:212,0
DA:214,0
DA:215,0
DA:218,0
DA:220,0
DA:222,0
DA:223,0
DA:231,2
LF:102
LH:12
BRDA:25,0,0,0
BRDA:25,0,1,0
BRDA:29,1,0,0
BRDA:29,1,1,0
BRDA:29,2,0,0
BRDA:29,2,1,0
BRDA:29,2,2,0
BRDA:29,2,3,0
BRDA:46,3,0,0
BRDA:46,3,1,0
BRDA:56,4,0,0
BRDA:56,4,1,0
BRDA:86,5,0,0
BRDA:86,5,1,0
BRDA:104,6,0,0
BRDA:104,6,1,0
BRDA:122,7,0,0
BRDA:122,7,1,0
BRDA:124,8,0,0
BRDA:124,8,1,0
BRDA:143,9,0,0
BRDA:143,9,1,0
BRDA:152,10,0,0
BRDA:152,10,1,0
BRDA:161,11,0,0
BRDA:161,11,1,0
BRDA:195,12,0,0
BRDA:195,12,1,0
BRDA:214,13,0,0
BRDA:214,13,1,0
BRF:30
BRH:0
end_of_record
TN:
SF:src\controller\funcionariosController.js
FN:6,(anonymous_0)
FN:15,(anonymous_1)
FN:53,(anonymous_2)
FN:56,(anonymous_3)
FN:80,(anonymous_4)
FN:85,(anonymous_5)
FN:114,(anonymous_6)
FN:118,(anonymous_7)
FN:138,(anonymous_8)
FN:156,(anonymous_9)
FN:168,(anonymous_10)
FN:175,(anonymous_11)
FN:190,(anonymous_12)
FNF:13
FNH:9
FNDA:1,(anonymous_0)
FNDA:9,(anonymous_1)
FNDA:2,(anonymous_2)
FNDA:12,(anonymous_3)
FNDA:0,(anonymous_4)
FNDA:0,(anonymous_5)
FNDA:0,(anonymous_6)
FNDA:0,(anonymous_7)
FNDA:9,(anonymous_8)
FNDA:9,(anonymous_9)
FNDA:7,(anonymous_10)
FNDA:1,(anonymous_11)
FNDA:1,(anonymous_12)
DA:1,2
DA:2,2
DA:3,2
DA:6,2
DA:7,1
DA:8,1
DA:10,0
DA:11,0
DA:15,2
DA:16,9
DA:17,9
DA:20,9
DA:21,9
DA:24,9
DA:25,9
DA:26,8
DA:30,1
DA:31,1
DA:32,1
DA:33,0
DA:37,1
DA:38,1
DA:39,0
DA:42,1
DA:43,1
DA:44,1
DA:46,1
DA:48,0
DA:49,0
DA:53,2
DA:54,2
DA:55,2
DA:56,12
DA:58,2
DA:69,0
DA:70,0
DA:73,0
DA:75,2
DA:76,2
DA:80,2
DA:81,0
DA:82,0
DA:84,0
DA:85,0
DA:87,0
DA:88,0
DA:92,0
DA:93,0
DA:94,0
DA:98,0
DA:99,0
DA:100,0
DA:103,0
DA:104,0
DA:107,0
DA:109,0
DA:110,0
DA:114,2
DA:115,0
DA:116,0
DA:117,0
DA:118,0
DA:119,0
DA:121,0
DA:122,0
DA:126,0
DA:128,0
DA:131,0
DA:132,0
DA:138,2
DA:139,9
DA:140,2
DA:147,7
DA:148,7
DA:149,2
DA:156,9
DA:157,5
DA:158,4
DA:164,1
DA:168,2
DA:169,7
DA:170,7
DA:175,2
DA:176,1
DA:177,4
DA:178,0
DA:185,1
DA:190,2
DA:191,1
DA:193,1
DA:194,0
DA:200,1
DA:204,2
LF:93
LH:54
BRDA:25,0,0,8
BRDA:25,0,1,1
BRDA:32,1,0,0
BRDA:32,1,1,1
BRDA:38,2,0,0
BRDA:38,2,1,1
BRDA:69,3,0,0
BRDA:69,3,1,0
BRDA:87,4,0,0
BRDA:87,4,1,0
BRDA:93,5,0,0
BRDA:93,5,1,0
BRDA:99,6,0,0
BRDA:99,6,1,0
BRDA:121,7,0,0
BRDA:121,7,1,0
BRDA:139,8,0,2
BRDA:139,8,1,7
BRDA:148,9,0,2
BRDA:148,9,1,5
BRDA:157,10,0,4
BRDA:157,10,1,1
BRDA:177,11,0,0
BRDA:177,11,1,4
BRDA:193,12,0,0
BRDA:193,12,1,1
BRF:26
BRH:12
end_of_record
TN:
SF:src\routes\ciclistasRoute.js
FN:5,(anonymous_0)
FNF:1
FNH:1
FNDA:13,(anonymous_0)
DA:3,2
DA:5,2
DA:7,13
DA:8,13
DA:9,13
DA:10,13
DA:11,13
DA:12,13
DA:13,13
DA:14,13
DA:18,2
LF:11
LH:11
BRF:0
BRH:0
end_of_record
TN:
SF:src\routes\funcionariosRoute.js
FN:5,(anonymous_0)
FNF:1
FNH:1
FNDA:13,(anonymous_0)
DA:3,2
DA:5,2
DA:7,13
DA:8,13
DA:9,13
DA:10,13
DA:11,13
DA:15,2
LF:8
LH:8
BRF:0
BRH:0
end_of_record
TN:
SF:src\routes\helloWorldRoute.js
FN:4,(anonymous_0)
FN:5,(anonymous_1)
FNF:2
FNH:2
FNDA:13,(anonymous_0)
FNDA:1,(anonymous_1)
DA:4,2
DA:5,13
DA:6,1
DA:10,2
LF:4
LH:4
BRF:0
BRH:0
end_of_record
